2024-01-09 10:58:57:5857 - [32minfo[39m: [32mAplicação está funcionando na porta: 3000[39m
2024-01-09 10:59:57:5957 - [32minfo[39m: [32mAplicação está funcionando na porta: 3000[39m
2024-01-09 11:01:13:113 - [32minfo[39m: [32mConectou ao banco de dados![39m
2024-01-09 11:01:13:113 - [32minfo[39m: [32mAplicação está funcionando na porta: 3000[39m
2024-01-09 11:01:29:129 - [32minfo[39m: [32mConectou ao banco de dados![39m
2024-01-09 11:01:29:129 - [32minfo[39m: [32mAplicação está funcionando na porta: 3000[39m
2024-01-09 11:01:31:131 - [32minfo[39m: [32mConectou ao banco de dados![39m
2024-01-09 11:01:31:131 - [32minfo[39m: [32mAplicação está funcionando na porta: 3000[39m
2024-01-09 11:02:08:28 - [32minfo[39m: [32mConectou ao banco de dados![39m
2024-01-09 11:02:08:28 - [32minfo[39m: [32mAplicação está funcionando na porta: 3000[39m
2024-01-09 11:02:10:210 - [31merror[39m: [31mNão foi possível conectar![39m
2024-01-09 11:02:10:210 - [31merror[39m: [31mErro: MongoParseError: Invalid scheme, expected connection string to start with "mongodb://" or "mongodb+srv://"[39m
2024-01-09 11:02:10:210 - [32minfo[39m: [32mAplicação está funcionando na porta: 3000[39m
2024-01-09 11:02:21:221 - [32minfo[39m: [32mConectou ao banco de dados![39m
2024-01-09 11:02:21:221 - [32minfo[39m: [32mAplicação está funcionando na porta: 3000[39m
2024-01-09 11:03:03:33 - [32minfo[39m: [32mConectou ao banco de dados![39m
2024-01-09 11:03:03:33 - [32minfo[39m: [32mAplicação está funcionando na porta: 3000[39m
2024-01-09 11:03:11:311 - [32minfo[39m: [32mConectou ao banco de dados![39m
2024-01-09 11:03:11:311 - [32minfo[39m: [32mAplicação está funcionando na porta: 3000[39m
2024-01-09 11:03:15:315 - [32minfo[39m: [32mConectou ao banco de dados![39m
2024-01-09 11:03:15:315 - [32minfo[39m: [32mAplicação está funcionando na porta: 3000[39m
2024-01-09 15:42:35:4235 - [32minfo[39m: [32mConectou ao banco de dados![39m
2024-01-09 15:42:35:4235 - [32minfo[39m: [32mAplicação está funcionando na porta: 3000[39m
2024-01-09 15:42:40:4240 - [32minfo[39m: [32mConectou ao banco de dados![39m
2024-01-09 15:42:40:4240 - [32minfo[39m: [32mAplicação está funcionando na porta: 3000[39m
2024-01-09 15:42:52:4252 - [32minfo[39m: [32mConectou ao banco de dados![39m
2024-01-09 15:42:52:4252 - [32minfo[39m: [32mAplicação está funcionando na porta: 3000[39m
2024-01-09 15:42:59:4259 - [32minfo[39m: [32mConectou ao banco de dados![39m
2024-01-09 15:42:59:4259 - [32minfo[39m: [32mAplicação está funcionando na porta: 3000[39m
2024-01-09 15:43:03:433 - [32minfo[39m: [32mConectou ao banco de dados![39m
2024-01-09 15:43:03:433 - [32minfo[39m: [32mAplicação está funcionando na porta: 3000[39m
2024-01-09 15:43:36:4336 - [32minfo[39m: [32mConectou ao banco de dados![39m
2024-01-09 15:43:36:4336 - [32minfo[39m: [32mAplicação está funcionando na porta: 3000[39m
2024-01-09 15:43:44:4344 - [32minfo[39m: [32mConectou ao banco de dados![39m
2024-01-09 15:43:44:4344 - [32minfo[39m: [32mAplicação está funcionando na porta: 3000[39m
2024-01-09 15:45:19:4519 - [35mhttp[39m: [35mGET /api/test 200 12 - 94.176 ms[39m
[35m[39m
2024-01-09 16:12:46:1246 - [32minfo[39m: [32mConectou ao banco de dados![39m
2024-01-09 16:12:46:1246 - [32minfo[39m: [32mAplicação está funcionando na porta: 3000[39m
2024-01-09 16:13:02:132 - [32minfo[39m: [32mConectou ao banco de dados![39m
2024-01-09 16:13:02:132 - [32minfo[39m: [32mAplicação está funcionando na porta: 3000[39m
2024-01-09 16:13:37:1337 - [32minfo[39m: [32mConectou ao banco de dados![39m
2024-01-09 16:13:37:1337 - [32minfo[39m: [32mAplicação está funcionando na porta: 3000[39m
2024-01-09 16:16:25:1625 - [35mhttp[39m: [35mPOST /api/movie 200 22 - 25.948 ms[39m
[35m[39m
